[0m[[0m[0mdebug[0m] [0m[0m> Exec(testOnly TopTest -- -DwriteVcd=1 -DmemFile=/home/talha/SoC-Now/SoCNow/fpga/program.mem, Some(deaa6b95-018d-4e32-8e4a-c4bd26ef1deb), Some(CommandSource(console0)))[0m
[0m[[0m[0mdebug[0m] [0m[0mEvaluating tasks: Test / testOnly[0m
[0m[[0m[0mdebug[0m] [0m[0mRunning task... Cancel: Signal, check cycles: false, forcegc: true[0m
[0m[[0m[0minfo[0m] [0m[0mcompiling 25 Scala sources to /home/talha/SoC-Now/SoCNow/nucleusrv/jigsaw/caravan/target/scala-2.12/classes ...[0m
[0m[[0m[0minfo[0m] [0m[0mcompiling 11 Scala sources to /home/talha/SoC-Now/SoCNow/nucleusrv/jigsaw/target/scala-2.12/classes ...[0m
[0m[[0m[0minfo[0m] [0m[0mcompiling 22 Scala sources to /home/talha/SoC-Now/SoCNow/nucleusrv/target/scala-2.12/classes ...[0m
[0m[[0m[33mwarn[0m] [0m[0m/home/talha/SoC-Now/SoCNow/nucleusrv/src/main/scala/components/SRam.scala:21:7: Generated class nucleusrv.components.SRam differs only in case from nucleusrv.components.sram.[0m
[0m[[0m[33mwarn[0m] [0m[0m  Such classes will overwrite one another on case-insensitive filesystems.[0m
[0m[[0m[33mwarn[0m] [0m[0mclass SRam extends Module{[0m
[0m[[0m[33mwarn[0m] [0m[0m      ^[0m
[0m[[0m[33mwarn[0m] [0m[0mthere were 538 feature warnings; re-run with -feature for details[0m
[0m[[0m[33mwarn[0m] [0m[0mtwo warnings found[0m
[0m[[0m[0minfo[0m] [0m[0mcompiling 1 Scala source to /home/talha/SoC-Now/SoCNow/target/scala-2.12/classes ...[0m
[0m[[0m[31merror[0m] [0m[0m/home/talha/SoC-Now/SoCNow/src/main/scala/Top.scala:14:27: object spiflash is not a member of package jigsaw.peripherals[0m
[0m[[0m[31merror[0m] [0m[0mimport jigsaw.peripherals.spiflash._[0m
[0m[[0m[31merror[0m] [0m[0m                          ^[0m
[0m[[0m[31merror[0m] [0m[0m/home/talha/SoC-Now/SoCNow/src/main/scala/Top.scala:15:27: object UART is not a member of package jigsaw.peripherals[0m
[0m[[0m[31merror[0m] [0m[0mimport jigsaw.peripherals.UART._[0m
[0m[[0m[31merror[0m] [0m[0m                          ^[0m
[0m[[0m[31merror[0m] [0m[0m/home/talha/SoC-Now/SoCNow/src/main/scala/Top.scala:310:28: not found: value Config[0m
[0m[[0m[31merror[0m] [0m[0m  implicit val spiConfig = Config()[0m
[0m[[0m[31merror[0m] [0m[0m                           ^[0m
[0m[[0m[31merror[0m] [0m[0m/home/talha/SoC-Now/SoCNow/src/main/scala/Top.scala:311:24: not found: type Spi[0m
[0m[[0m[31merror[0m] [0m[0m  val spi = Module(new Spi(new WBRequest(), new WBResponse()))[0m
[0m[[0m[31merror[0m] [0m[0m                       ^[0m
[0m[[0m[31merror[0m] [0m[0m/home/talha/SoC-Now/SoCNow/src/main/scala/Top.scala:312:25: not found: type uart[0m
[0m[[0m[31merror[0m] [0m[0m  val uart = Module(new uart(new WBRequest(), new WBResponse()))[0m
[0m[[0m[31merror[0m] [0m[0m                        ^[0m
[0m[[0m[31merror[0m] [0m[0m/home/talha/SoC-Now/SoCNow/src/main/scala/Top.scala:321:36: value SPI is not a member of object caravan.bus.common.Peripherals[0m
[0m[[0m[31merror[0m] [0m[0m  addressMap.addDevice(Peripherals.SPI, "h40001000".U(32.W), "h00000FFF".U(32.W), wb_spi_slave)[0m
[0m[[0m[31merror[0m] [0m[0m                                   ^[0m
[0m[[0m[31merror[0m] [0m[0m/home/talha/SoC-Now/SoCNow/src/main/scala/Top.scala:322:36: value UART is not a member of object caravan.bus.common.Peripherals[0m
[0m[[0m[31merror[0m] [0m[0m  addressMap.addDevice(Peripherals.UART, "h40002000".U(32.W), "h00000FFF".U(32.W), wb_uart_slave)[0m
[0m[[0m[31merror[0m] [0m[0m                                   ^[0m
[0m[[0m[31merror[0m] [0m[0m7 errors found[0m
[0m[[0m[31merror[0m] [0m[0m(Compile / [31mcompileIncremental[0m) Compilation failed[0m
[0m[[0m[31merror[0m] [0m[0mTotal time: 51 s, completed Jan 19, 2022 5:12:10 PM[0m
[0m[[0m[0mdebug[0m] [0m[0m> Exec(shell, None, None)[0m
